<?xml version="1.0" encoding="UTF-8"?>
<testsuite xmlns:xsi="http://www.w3.org/2001/XMLSchema-instance" xsi:noNamespaceSchemaLocation="https://maven.apache.org/surefire/maven-surefire-plugin/xsd/surefire-test-report-3.0.xsd" version="3.0" name="com.dzone.albanoj2.maven.java.AdderTest" time="0.16" tests="9" errors="0" skipped="0" failures="0">
  <properties>
    <property name="java.specification.version" value="21"/>
    <property name="sun.cpu.isalist" value="amd64"/>
    <property name="sun.jnu.encoding" value="Cp1252"/>
    <property name="java.class.path" value="C:\programming_practice\java_sample_project\adder\target\test-classes;C:\programming_practice\java_sample_project\adder\target\classes;C:\Users\Tushar\.m2\repository\org\junit\jupiter\junit-jupiter-engine\5.5.2\junit-jupiter-engine-5.5.2.jar;C:\Users\Tushar\.m2\repository\org\apiguardian\apiguardian-api\1.1.0\apiguardian-api-1.1.0.jar;C:\Users\Tushar\.m2\repository\org\junit\platform\junit-platform-engine\1.5.2\junit-platform-engine-1.5.2.jar;C:\Users\Tushar\.m2\repository\org\opentest4j\opentest4j\1.2.0\opentest4j-1.2.0.jar;C:\Users\Tushar\.m2\repository\org\junit\platform\junit-platform-commons\1.5.2\junit-platform-commons-1.5.2.jar;C:\Users\Tushar\.m2\repository\org\junit\jupiter\junit-jupiter-api\5.5.2\junit-jupiter-api-5.5.2.jar;"/>
    <property name="java.vm.vendor" value="Oracle Corporation"/>
    <property name="sun.arch.data.model" value="64"/>
    <property name="user.variant" value=""/>
    <property name="java.vendor.url" value="https://java.oracle.com/"/>
    <property name="user.timezone" value="Asia/Calcutta"/>
    <property name="os.name" value="Windows 11"/>
    <property name="java.vm.specification.version" value="21"/>
    <property name="sun.java.launcher" value="SUN_STANDARD"/>
    <property name="user.country" value="IN"/>
    <property name="sun.boot.library.path" value="C:\Program Files\Java\jdk-21\bin"/>
    <property name="sun.java.command" value="C:\Users\Tushar\AppData\Local\Temp\surefire13076516053782893404\surefirebooter-20240612231052509_3.jar C:\Users\Tushar\AppData\Local\Temp\surefire13076516053782893404 2024-06-12T23-10-51_593-jvmRun1 surefire-20240612231052509_1tmp surefire_0-20240612231052509_2tmp"/>
    <property name="jdk.debug" value="release"/>
    <property name="surefire.test.class.path" value="C:\programming_practice\java_sample_project\adder\target\test-classes;C:\programming_practice\java_sample_project\adder\target\classes;C:\Users\Tushar\.m2\repository\org\junit\jupiter\junit-jupiter-engine\5.5.2\junit-jupiter-engine-5.5.2.jar;C:\Users\Tushar\.m2\repository\org\apiguardian\apiguardian-api\1.1.0\apiguardian-api-1.1.0.jar;C:\Users\Tushar\.m2\repository\org\junit\platform\junit-platform-engine\1.5.2\junit-platform-engine-1.5.2.jar;C:\Users\Tushar\.m2\repository\org\opentest4j\opentest4j\1.2.0\opentest4j-1.2.0.jar;C:\Users\Tushar\.m2\repository\org\junit\platform\junit-platform-commons\1.5.2\junit-platform-commons-1.5.2.jar;C:\Users\Tushar\.m2\repository\org\junit\jupiter\junit-jupiter-api\5.5.2\junit-jupiter-api-5.5.2.jar;"/>
    <property name="sun.cpu.endian" value="little"/>
    <property name="user.home" value="C:\Users\Tushar"/>
    <property name="user.language" value="en"/>
    <property name="java.specification.vendor" value="Oracle Corporation"/>
    <property name="java.version.date" value="2023-10-17"/>
    <property name="java.home" value="C:\Program Files\Java\jdk-21"/>
    <property name="file.separator" value="\"/>
    <property name="basedir" value="C:\programming_practice\java_sample_project\adder"/>
    <property name="java.vm.compressedOopsMode" value="Zero based"/>
    <property name="line.separator" value="&#10;"/>
    <property name="java.vm.specification.vendor" value="Oracle Corporation"/>
    <property name="java.specification.name" value="Java Platform API Specification"/>
    <property name="surefire.real.class.path" value="C:\Users\Tushar\AppData\Local\Temp\surefire13076516053782893404\surefirebooter-20240612231052509_3.jar"/>
    <property name="user.script" value=""/>
    <property name="sun.management.compiler" value="HotSpot 64-Bit Tiered Compilers"/>
    <property name="java.runtime.version" value="21.0.1+12-LTS-29"/>
    <property name="user.name" value="Tushar"/>
    <property name="stdout.encoding" value="Cp1252"/>
    <property name="path.separator" value=";"/>
    <property name="os.version" value="10.0"/>
    <property name="java.runtime.name" value="Java(TM) SE Runtime Environment"/>
    <property name="file.encoding" value="UTF-8"/>
    <property name="java.vm.name" value="Java HotSpot(TM) 64-Bit Server VM"/>
    <property name="localRepository" value="C:\Users\Tushar\.m2\repository"/>
    <property name="java.vendor.url.bug" value="https://bugreport.java.com/bugreport/"/>
    <property name="java.io.tmpdir" value="C:\Users\Tushar\AppData\Local\Temp\"/>
    <property name="java.version" value="21.0.1"/>
    <property name="user.dir" value="C:\programming_practice\java_sample_project\adder"/>
    <property name="os.arch" value="amd64"/>
    <property name="java.vm.specification.name" value="Java Virtual Machine Specification"/>
    <property name="sun.os.patch.level" value=""/>
    <property name="native.encoding" value="Cp1252"/>
    <property name="java.library.path" value="C:\Program Files\Java\jdk-21\bin;C:\Windows\Sun\Java\bin;C:\Windows\system32;C:\Windows;C:\Program Files\Common Files\Oracle\Java\javapath;C:\Windows\system32;C:\Windows;C:\Windows\System32\Wbem;C:\Windows\System32\WindowsPowerShell\v1.0\;C:\Windows\System32\OpenSSH\;C:\Program Files (x86)\NVIDIA Corporation\PhysX\Common;C:\Program Files\NVIDIA Corporation\NVIDIA NvDLISR;C:\Users\Tushar\AppData\Local\Microsoft\WindowsApps;C:\Users\Tushar\AppData\Local\Programs\Microsoft VS Code\bin;C:\adb;C:\Program Files\nodejs\;C:\Program Files\Go\bin;C:\Terraform;C:\Program Files\Git\cmd;C:\maven\bin;;C:\Program Files\Docker\Docker\resources\bin;C:\Program Files\dotnet\;C:\Users\Tushar\AppData\Local\Microsoft\WindowsApps;;C:\Users\Tushar\AppData\Local\Programs\Microsoft VS Code\bin;C:\Users\Tushar\AppData\Roaming\npm;C:\Users\Tushar\go\bin;."/>
    <property name="java.vm.info" value="mixed mode, sharing"/>
    <property name="stderr.encoding" value="Cp1252"/>
    <property name="java.vendor" value="Oracle Corporation"/>
    <property name="java.vm.version" value="21.0.1+12-LTS-29"/>
    <property name="sun.io.unicode.encoding" value="UnicodeLittle"/>
    <property name="java.class.version" value="65.0"/>
  </properties>
  <testcase name="whenAddFirstPositiveSecondNegative_ThenSumIsCorrect" classname="com.dzone.albanoj2.maven.java.AdderTest" time="0.065"/>
  <testcase name="whenAddFirstZeroSecondPositive_ThenSumIsEqualToSecond" classname="com.dzone.albanoj2.maven.java.AdderTest" time="0.003"/>
  <testcase name="whenTwoPositives_ThenSumIsCorrect" classname="com.dzone.albanoj2.maven.java.AdderTest" time="0.002"/>
  <testcase name="whenAddFirstZeroSecondNegative_ThenSumIsEqualToSecond" classname="com.dzone.albanoj2.maven.java.AdderTest" time="0.004"/>
  <testcase name="whenAddFirstPositiveSecondZero_ThenSumIsEqualToFirst" classname="com.dzone.albanoj2.maven.java.AdderTest" time="0.005"/>
  <testcase name="whenAddFirstNegativeSecondPositive_ThenSumIsCorrect" classname="com.dzone.albanoj2.maven.java.AdderTest" time="0.002"/>
  <testcase name="whenAddTwoZeros_ThenSumIsZero" classname="com.dzone.albanoj2.maven.java.AdderTest" time="0.003"/>
  <testcase name="whenAddFirstNegativeSecondZero_ThenSumIsEqualToFirst" classname="com.dzone.albanoj2.maven.java.AdderTest" time="0.001"/>
  <testcase name="whenTwoNegatives_ThenSumIsCorrect" classname="com.dzone.albanoj2.maven.java.AdderTest" time="0.002"/>
</testsuite>